<?xml version='1.0'?>
<ns2:test-suite xmlns:ns2='urn:model.allure.qatools.yandex.ru' start='1718359114343' stop='1718359142647'>
    <name>Provider Member Management</name>
    <title>Provider Member Management</title>
    <test-cases>
        <test-case start='1718359114343' status='failed' stop='1718359142646'>
            <name>TC01: Login as Provider and Add a New Member</name>
            <title>TC01: Login as Provider and Add a New Member</title>
            <labels/>
            <parameters/>
            <steps/>
            <attachments/>
            <failure>
                <message>Timed out retrying after 4000ms: Expected to find element: `//input[@name='firstName']`, but never found it.</message>
                <stack-trace>AssertionError: Timed out retrying after 4000ms: Expected to find element: `//input[@name='firstName']`, but never found it.
                    at AddMember.memberFirstName (webpack://provider/./cypress/e2e/Pages/Provider/Add_Member/AddMember.js:13:11)
                    at Context.eval (webpack://provider/./cypress/e2e/TestCases/Provider/Add_Members/AddMember.cy.js:32:24)</stack-trace>
            </failure>
        </test-case>
    </test-cases>
</ns2:test-suite>